[0.562s] Invoking command in '/home/will/tutorial_ws/src/sim_tut': PYTHONPATH=/home/will/tutorial_ws/build/sim_tut/prefix_override:/home/will/tutorial_ws/install/sim_tut/lib/python3.10/site-packages:${PYTHONPATH} /usr/bin/python3 setup.py egg_info --egg-base ../../build/sim_tut build --build-base /home/will/tutorial_ws/build/sim_tut/build install --record /home/will/tutorial_ws/build/sim_tut/install.log --single-version-externally-managed
[0.761s] running egg_info
[0.762s] writing ../../build/sim_tut/sim_tut.egg-info/PKG-INFO
[0.763s] writing dependency_links to ../../build/sim_tut/sim_tut.egg-info/dependency_links.txt
[0.764s] writing entry points to ../../build/sim_tut/sim_tut.egg-info/entry_points.txt
[0.765s] writing requirements to ../../build/sim_tut/sim_tut.egg-info/requires.txt
[0.766s] writing top-level names to ../../build/sim_tut/sim_tut.egg-info/top_level.txt
[0.769s] reading manifest file '../../build/sim_tut/sim_tut.egg-info/SOURCES.txt'
[0.770s] writing manifest file '../../build/sim_tut/sim_tut.egg-info/SOURCES.txt'
[0.771s] running build
[0.771s] running build_py
[0.772s] running install
[0.772s] /usr/lib/python3/dist-packages/setuptools/command/install.py:34: SetuptoolsDeprecationWarning: setup.py install is deprecated. Use build and pip and other standards-based tools.
[0.772s]   warnings.warn(
[0.772s] running install_lib
[0.774s] running install_data
[0.774s] running install_egg_info
[0.777s] removing '/home/will/tutorial_ws/install/sim_tut/lib/python3.10/site-packages/sim_tut-0.0.0-py3.10.egg-info' (and everything under it)
[0.778s] Copying ../../build/sim_tut/sim_tut.egg-info to /home/will/tutorial_ws/install/sim_tut/lib/python3.10/site-packages/sim_tut-0.0.0-py3.10.egg-info
[0.779s] running install_scripts
[0.803s] Installing control script to /home/will/tutorial_ws/install/sim_tut/lib/sim_tut
[0.804s] Installing sense script to /home/will/tutorial_ws/install/sim_tut/lib/sim_tut
[0.805s] writing list of installed files to '/home/will/tutorial_ws/build/sim_tut/install.log'
[0.842s] Invoked command in '/home/will/tutorial_ws/src/sim_tut' returned '0': PYTHONPATH=/home/will/tutorial_ws/build/sim_tut/prefix_override:/home/will/tutorial_ws/install/sim_tut/lib/python3.10/site-packages:${PYTHONPATH} /usr/bin/python3 setup.py egg_info --egg-base ../../build/sim_tut build --build-base /home/will/tutorial_ws/build/sim_tut/build install --record /home/will/tutorial_ws/build/sim_tut/install.log --single-version-externally-managed
