running egg_info
creating ../../../build/simulation_launch/simulation_launch.egg-info
writing ../../../build/simulation_launch/simulation_launch.egg-info/PKG-INFO
writing dependency_links to ../../../build/simulation_launch/simulation_launch.egg-info/dependency_links.txt
writing entry points to ../../../build/simulation_launch/simulation_launch.egg-info/entry_points.txt
writing requirements to ../../../build/simulation_launch/simulation_launch.egg-info/requires.txt
writing top-level names to ../../../build/simulation_launch/simulation_launch.egg-info/top_level.txt
writing manifest file '../../../build/simulation_launch/simulation_launch.egg-info/SOURCES.txt'
reading manifest file '../../../build/simulation_launch/simulation_launch.egg-info/SOURCES.txt'
writing manifest file '../../../build/simulation_launch/simulation_launch.egg-info/SOURCES.txt'
running build
running build_py
creating /home/will/tutorial_ws/build/simulation_launch/build
creating /home/will/tutorial_ws/build/simulation_launch/build/lib
creating /home/will/tutorial_ws/build/simulation_launch/build/lib/simulation_launch
copying simulation_launch/__init__.py -> /home/will/tutorial_ws/build/simulation_launch/build/lib/simulation_launch
running install
running install_lib
creating /home/will/tutorial_ws/install/simulation_launch/lib/python3.10/site-packages/simulation_launch
copying /home/will/tutorial_ws/build/simulation_launch/build/lib/simulation_launch/__init__.py -> /home/will/tutorial_ws/install/simulation_launch/lib/python3.10/site-packages/simulation_launch
byte-compiling /home/will/tutorial_ws/install/simulation_launch/lib/python3.10/site-packages/simulation_launch/__init__.py to __init__.cpython-310.pyc
running install_data
creating /home/will/tutorial_ws/install/simulation_launch/share/ament_index
creating /home/will/tutorial_ws/install/simulation_launch/share/ament_index/resource_index
creating /home/will/tutorial_ws/install/simulation_launch/share/ament_index/resource_index/packages
copying resource/simulation_launch -> /home/will/tutorial_ws/install/simulation_launch/share/ament_index/resource_index/packages
copying package.xml -> /home/will/tutorial_ws/install/simulation_launch/share/simulation_launch
creating /home/will/tutorial_ws/install/simulation_launch/share/simulation_launch/launch
copying launch/gazebo_playground.launch.xml -> /home/will/tutorial_ws/install/simulation_launch/share/simulation_launch/launch
copying config/gazebo_topics.yaml -> /home/will/tutorial_ws/install/simulation_launch/share/simulation_launch
copying config/lidar_playground.sdf -> /home/will/tutorial_ws/install/simulation_launch/share/simulation_launch
running install_egg_info
Copying ../../../build/simulation_launch/simulation_launch.egg-info to /home/will/tutorial_ws/install/simulation_launch/lib/python3.10/site-packages/simulation_launch-0.0.0-py3.10.egg-info
running install_scripts
writing list of installed files to '/home/will/tutorial_ws/build/simulation_launch/install.log'
