[0.805s] Invoking command in '/home/will/tutorial_ws/src/ros2-ebrake-tutorial/simulation_launch': PYTHONPATH=/home/will/tutorial_ws/build/simulation_launch/prefix_override:/home/will/tutorial_ws/install/simulation_launch/lib/python3.10/site-packages:${PYTHONPATH} /usr/bin/python3 setup.py egg_info --egg-base ../../../build/simulation_launch build --build-base /home/will/tutorial_ws/build/simulation_launch/build install --record /home/will/tutorial_ws/build/simulation_launch/install.log --single-version-externally-managed
[1.014s] running egg_info
[1.015s] writing ../../../build/simulation_launch/simulation_launch.egg-info/PKG-INFO
[1.016s] writing dependency_links to ../../../build/simulation_launch/simulation_launch.egg-info/dependency_links.txt
[1.017s] writing entry points to ../../../build/simulation_launch/simulation_launch.egg-info/entry_points.txt
[1.017s] writing requirements to ../../../build/simulation_launch/simulation_launch.egg-info/requires.txt
[1.018s] writing top-level names to ../../../build/simulation_launch/simulation_launch.egg-info/top_level.txt
[1.020s] reading manifest file '../../../build/simulation_launch/simulation_launch.egg-info/SOURCES.txt'
[1.021s] writing manifest file '../../../build/simulation_launch/simulation_launch.egg-info/SOURCES.txt'
[1.021s] running build
[1.021s] running build_py
[1.022s] running install
[1.022s] /usr/lib/python3/dist-packages/setuptools/command/install.py:34: SetuptoolsDeprecationWarning: setup.py install is deprecated. Use build and pip and other standards-based tools.
[1.022s]   warnings.warn(
[1.022s] running install_lib
[1.023s] running install_data
[1.024s] running install_egg_info
[1.025s] removing '/home/will/tutorial_ws/install/simulation_launch/lib/python3.10/site-packages/simulation_launch-0.0.0-py3.10.egg-info' (and everything under it)
[1.026s] Copying ../../../build/simulation_launch/simulation_launch.egg-info to /home/will/tutorial_ws/install/simulation_launch/lib/python3.10/site-packages/simulation_launch-0.0.0-py3.10.egg-info
[1.026s] running install_scripts
[1.053s] writing list of installed files to '/home/will/tutorial_ws/build/simulation_launch/install.log'
[1.077s] Invoked command in '/home/will/tutorial_ws/src/ros2-ebrake-tutorial/simulation_launch' returned '0': PYTHONPATH=/home/will/tutorial_ws/build/simulation_launch/prefix_override:/home/will/tutorial_ws/install/simulation_launch/lib/python3.10/site-packages:${PYTHONPATH} /usr/bin/python3 setup.py egg_info --egg-base ../../../build/simulation_launch build --build-base /home/will/tutorial_ws/build/simulation_launch/build install --record /home/will/tutorial_ws/build/simulation_launch/install.log --single-version-externally-managed
