[1.091s] Invoking command in '/home/will/tutorial_ws/src/sim_tut': PYTHONPATH=/home/will/tutorial_ws/build/sim_tut/prefix_override:/home/will/tutorial_ws/install/sim_tut/lib/python3.10/site-packages: /usr/bin/python3 setup.py egg_info --egg-base ../../build/sim_tut build --build-base /home/will/tutorial_ws/build/sim_tut/build install --record /home/will/tutorial_ws/build/sim_tut/install.log --single-version-externally-managed
[1.250s] running egg_info
[1.250s] writing ../../build/sim_tut/sim_tut.egg-info/PKG-INFO
[1.252s] writing dependency_links to ../../build/sim_tut/sim_tut.egg-info/dependency_links.txt
[1.253s] writing entry points to ../../build/sim_tut/sim_tut.egg-info/entry_points.txt
[1.253s] writing requirements to ../../build/sim_tut/sim_tut.egg-info/requires.txt
[1.254s] writing top-level names to ../../build/sim_tut/sim_tut.egg-info/top_level.txt
[1.257s] reading manifest file '../../build/sim_tut/sim_tut.egg-info/SOURCES.txt'
[1.258s] writing manifest file '../../build/sim_tut/sim_tut.egg-info/SOURCES.txt'
[1.259s] running build
[1.259s] running build_py
[1.261s] copying sim_tut/sensor.py -> /home/will/tutorial_ws/build/sim_tut/build/lib/sim_tut
[1.261s] copying sim_tut/control.py -> /home/will/tutorial_ws/build/sim_tut/build/lib/sim_tut
[1.262s] running install
[1.263s] /usr/lib/python3/dist-packages/setuptools/command/install.py:34: SetuptoolsDeprecationWarning: setup.py install is deprecated. Use build and pip and other standards-based tools.
[1.263s]   warnings.warn(
[1.263s] running install_lib
[1.264s] copying /home/will/tutorial_ws/build/sim_tut/build/lib/sim_tut/sensor.py -> /home/will/tutorial_ws/install/sim_tut/lib/python3.10/site-packages/sim_tut
[1.264s] copying /home/will/tutorial_ws/build/sim_tut/build/lib/sim_tut/control.py -> /home/will/tutorial_ws/install/sim_tut/lib/python3.10/site-packages/sim_tut
[1.266s] byte-compiling /home/will/tutorial_ws/install/sim_tut/lib/python3.10/site-packages/sim_tut/sensor.py to sensor.cpython-310.pyc
[1.267s] byte-compiling /home/will/tutorial_ws/install/sim_tut/lib/python3.10/site-packages/sim_tut/control.py to control.cpython-310.pyc
[1.268s] running install_data
[1.273s] running install_egg_info
[1.278s] removing '/home/will/tutorial_ws/install/sim_tut/lib/python3.10/site-packages/sim_tut-0.0.0-py3.10.egg-info' (and everything under it)
[1.278s] Copying ../../build/sim_tut/sim_tut.egg-info to /home/will/tutorial_ws/install/sim_tut/lib/python3.10/site-packages/sim_tut-0.0.0-py3.10.egg-info
[1.279s] running install_scripts
[1.308s] Installing control script to /home/will/tutorial_ws/install/sim_tut/lib/sim_tut
[1.310s] Installing sense script to /home/will/tutorial_ws/install/sim_tut/lib/sim_tut
[1.310s] writing list of installed files to '/home/will/tutorial_ws/build/sim_tut/install.log'
[1.340s] Invoked command in '/home/will/tutorial_ws/src/sim_tut' returned '0': PYTHONPATH=/home/will/tutorial_ws/build/sim_tut/prefix_override:/home/will/tutorial_ws/install/sim_tut/lib/python3.10/site-packages: /usr/bin/python3 setup.py egg_info --egg-base ../../build/sim_tut build --build-base /home/will/tutorial_ws/build/sim_tut/build install --record /home/will/tutorial_ws/build/sim_tut/install.log --single-version-externally-managed
