[0.683s] Invoking command in '/home/will/tutorial_ws/src/sim_tut': PYTHONPATH=/home/will/tutorial_ws/build/sim_tut/prefix_override:/home/will/tutorial_ws/install/sim_tut/lib/python3.10/site-packages:${PYTHONPATH} /usr/bin/python3 setup.py egg_info --egg-base ../../build/sim_tut build --build-base /home/will/tutorial_ws/build/sim_tut/build install --record /home/will/tutorial_ws/build/sim_tut/install.log --single-version-externally-managed
[0.930s] running egg_info
[0.930s] writing ../../build/sim_tut/sim_tut.egg-info/PKG-INFO
[0.931s] writing dependency_links to ../../build/sim_tut/sim_tut.egg-info/dependency_links.txt
[0.931s] writing entry points to ../../build/sim_tut/sim_tut.egg-info/entry_points.txt
[0.932s] writing requirements to ../../build/sim_tut/sim_tut.egg-info/requires.txt
[0.932s] writing top-level names to ../../build/sim_tut/sim_tut.egg-info/top_level.txt
[0.934s] reading manifest file '../../build/sim_tut/sim_tut.egg-info/SOURCES.txt'
[0.935s] writing manifest file '../../build/sim_tut/sim_tut.egg-info/SOURCES.txt'
[0.935s] running build
[0.935s] running build_py
[0.936s] copying sim_tut/control.py -> /home/will/tutorial_ws/build/sim_tut/build/lib/sim_tut
[0.937s] running install
[0.937s] /usr/lib/python3/dist-packages/setuptools/command/install.py:34: SetuptoolsDeprecationWarning: setup.py install is deprecated. Use build and pip and other standards-based tools.
[0.937s]   warnings.warn(
[0.938s] running install_lib
[0.939s] copying /home/will/tutorial_ws/build/sim_tut/build/lib/sim_tut/control.py -> /home/will/tutorial_ws/install/sim_tut/lib/python3.10/site-packages/sim_tut
[0.941s] byte-compiling /home/will/tutorial_ws/install/sim_tut/lib/python3.10/site-packages/sim_tut/control.py to control.cpython-310.pyc
[0.942s] running install_data
[0.942s] running install_egg_info
[0.944s] removing '/home/will/tutorial_ws/install/sim_tut/lib/python3.10/site-packages/sim_tut-0.0.0-py3.10.egg-info' (and everything under it)
[0.944s] Copying ../../build/sim_tut/sim_tut.egg-info to /home/will/tutorial_ws/install/sim_tut/lib/python3.10/site-packages/sim_tut-0.0.0-py3.10.egg-info
[0.946s] running install_scripts
[0.967s] Installing control script to /home/will/tutorial_ws/install/sim_tut/lib/sim_tut
[0.967s] Installing sense script to /home/will/tutorial_ws/install/sim_tut/lib/sim_tut
[0.968s] writing list of installed files to '/home/will/tutorial_ws/build/sim_tut/install.log'
[1.009s] Invoked command in '/home/will/tutorial_ws/src/sim_tut' returned '0': PYTHONPATH=/home/will/tutorial_ws/build/sim_tut/prefix_override:/home/will/tutorial_ws/install/sim_tut/lib/python3.10/site-packages:${PYTHONPATH} /usr/bin/python3 setup.py egg_info --egg-base ../../build/sim_tut build --build-base /home/will/tutorial_ws/build/sim_tut/build install --record /home/will/tutorial_ws/build/sim_tut/install.log --single-version-externally-managed
