running egg_info
creating ../../build/sim_tut/sim_tut.egg-info
writing ../../build/sim_tut/sim_tut.egg-info/PKG-INFO
writing dependency_links to ../../build/sim_tut/sim_tut.egg-info/dependency_links.txt
writing entry points to ../../build/sim_tut/sim_tut.egg-info/entry_points.txt
writing requirements to ../../build/sim_tut/sim_tut.egg-info/requires.txt
writing top-level names to ../../build/sim_tut/sim_tut.egg-info/top_level.txt
writing manifest file '../../build/sim_tut/sim_tut.egg-info/SOURCES.txt'
reading manifest file '../../build/sim_tut/sim_tut.egg-info/SOURCES.txt'
writing manifest file '../../build/sim_tut/sim_tut.egg-info/SOURCES.txt'
running build
running build_py
creating /home/will/tutorial_ws/build/sim_tut/build
creating /home/will/tutorial_ws/build/sim_tut/build/lib
creating /home/will/tutorial_ws/build/sim_tut/build/lib/sim_tut
copying sim_tut/control.py -> /home/will/tutorial_ws/build/sim_tut/build/lib/sim_tut
copying sim_tut/__init__.py -> /home/will/tutorial_ws/build/sim_tut/build/lib/sim_tut
running install
running install_lib
creating /home/will/tutorial_ws/install/sim_tut/lib/python3.10/site-packages/sim_tut
copying /home/will/tutorial_ws/build/sim_tut/build/lib/sim_tut/control.py -> /home/will/tutorial_ws/install/sim_tut/lib/python3.10/site-packages/sim_tut
copying /home/will/tutorial_ws/build/sim_tut/build/lib/sim_tut/__init__.py -> /home/will/tutorial_ws/install/sim_tut/lib/python3.10/site-packages/sim_tut
byte-compiling /home/will/tutorial_ws/install/sim_tut/lib/python3.10/site-packages/sim_tut/control.py to control.cpython-310.pyc
byte-compiling /home/will/tutorial_ws/install/sim_tut/lib/python3.10/site-packages/sim_tut/__init__.py to __init__.cpython-310.pyc
running install_data
creating /home/will/tutorial_ws/install/sim_tut/share/ament_index
creating /home/will/tutorial_ws/install/sim_tut/share/ament_index/resource_index
creating /home/will/tutorial_ws/install/sim_tut/share/ament_index/resource_index/packages
copying resource/sim_tut -> /home/will/tutorial_ws/install/sim_tut/share/ament_index/resource_index/packages
copying package.xml -> /home/will/tutorial_ws/install/sim_tut/share/sim_tut
running install_egg_info
Copying ../../build/sim_tut/sim_tut.egg-info to /home/will/tutorial_ws/install/sim_tut/lib/python3.10/site-packages/sim_tut-0.0.0-py3.10.egg-info
running install_scripts
Installing control script to /home/will/tutorial_ws/install/sim_tut/lib/sim_tut
writing list of installed files to '/home/will/tutorial_ws/build/sim_tut/install.log'
