[0.806s] Invoking command in '/home/will/tutorial_ws/src/sim_tut': PYTHONPATH=/home/will/tutorial_ws/build/sim_tut/prefix_override:/home/will/tutorial_ws/install/sim_tut/lib/python3.10/site-packages:${PYTHONPATH} /usr/bin/python3 setup.py egg_info --egg-base ../../build/sim_tut build --build-base /home/will/tutorial_ws/build/sim_tut/build install --record /home/will/tutorial_ws/build/sim_tut/install.log --single-version-externally-managed
[1.010s] running egg_info
[1.010s] creating ../../build/sim_tut/sim_tut.egg-info
[1.010s] writing ../../build/sim_tut/sim_tut.egg-info/PKG-INFO
[1.012s] writing dependency_links to ../../build/sim_tut/sim_tut.egg-info/dependency_links.txt
[1.012s] writing entry points to ../../build/sim_tut/sim_tut.egg-info/entry_points.txt
[1.012s] writing requirements to ../../build/sim_tut/sim_tut.egg-info/requires.txt
[1.012s] writing top-level names to ../../build/sim_tut/sim_tut.egg-info/top_level.txt
[1.012s] writing manifest file '../../build/sim_tut/sim_tut.egg-info/SOURCES.txt'
[1.014s] reading manifest file '../../build/sim_tut/sim_tut.egg-info/SOURCES.txt'
[1.015s] writing manifest file '../../build/sim_tut/sim_tut.egg-info/SOURCES.txt'
[1.015s] running build
[1.015s] running build_py
[1.015s] creating /home/will/tutorial_ws/build/sim_tut/build
[1.015s] creating /home/will/tutorial_ws/build/sim_tut/build/lib
[1.015s] creating /home/will/tutorial_ws/build/sim_tut/build/lib/sim_tut
[1.015s] copying sim_tut/control.py -> /home/will/tutorial_ws/build/sim_tut/build/lib/sim_tut
[1.015s] copying sim_tut/__init__.py -> /home/will/tutorial_ws/build/sim_tut/build/lib/sim_tut
[1.015s] running install
[1.020s] /usr/lib/python3/dist-packages/setuptools/command/install.py:34: SetuptoolsDeprecationWarning: setup.py install is deprecated. Use build and pip and other standards-based tools.
[1.020s]   warnings.warn(
[1.020s] running install_lib
[1.021s] creating /home/will/tutorial_ws/install/sim_tut/lib/python3.10/site-packages/sim_tut
[1.022s] copying /home/will/tutorial_ws/build/sim_tut/build/lib/sim_tut/control.py -> /home/will/tutorial_ws/install/sim_tut/lib/python3.10/site-packages/sim_tut
[1.022s] copying /home/will/tutorial_ws/build/sim_tut/build/lib/sim_tut/__init__.py -> /home/will/tutorial_ws/install/sim_tut/lib/python3.10/site-packages/sim_tut
[1.023s] byte-compiling /home/will/tutorial_ws/install/sim_tut/lib/python3.10/site-packages/sim_tut/control.py to control.cpython-310.pyc
[1.024s] byte-compiling /home/will/tutorial_ws/install/sim_tut/lib/python3.10/site-packages/sim_tut/__init__.py to __init__.cpython-310.pyc
[1.024s] running install_data
[1.025s] creating /home/will/tutorial_ws/install/sim_tut/share/ament_index
[1.025s] creating /home/will/tutorial_ws/install/sim_tut/share/ament_index/resource_index
[1.025s] creating /home/will/tutorial_ws/install/sim_tut/share/ament_index/resource_index/packages
[1.025s] copying resource/sim_tut -> /home/will/tutorial_ws/install/sim_tut/share/ament_index/resource_index/packages
[1.025s] copying package.xml -> /home/will/tutorial_ws/install/sim_tut/share/sim_tut
[1.025s] running install_egg_info
[1.027s] Copying ../../build/sim_tut/sim_tut.egg-info to /home/will/tutorial_ws/install/sim_tut/lib/python3.10/site-packages/sim_tut-0.0.0-py3.10.egg-info
[1.028s] running install_scripts
[1.048s] Installing control script to /home/will/tutorial_ws/install/sim_tut/lib/sim_tut
[1.048s] writing list of installed files to '/home/will/tutorial_ws/build/sim_tut/install.log'
[1.072s] Invoked command in '/home/will/tutorial_ws/src/sim_tut' returned '0': PYTHONPATH=/home/will/tutorial_ws/build/sim_tut/prefix_override:/home/will/tutorial_ws/install/sim_tut/lib/python3.10/site-packages:${PYTHONPATH} /usr/bin/python3 setup.py egg_info --egg-base ../../build/sim_tut build --build-base /home/will/tutorial_ws/build/sim_tut/build install --record /home/will/tutorial_ws/build/sim_tut/install.log --single-version-externally-managed
