[0.577s] Invoking command in '/home/will/tutorial_ws/src/sim_tut': PYTHONPATH=/home/will/tutorial_ws/build/sim_tut/prefix_override:/home/will/tutorial_ws/install/sim_tut/lib/python3.10/site-packages:${PYTHONPATH} /usr/bin/python3 setup.py egg_info --egg-base ../../build/sim_tut build --build-base /home/will/tutorial_ws/build/sim_tut/build install --record /home/will/tutorial_ws/build/sim_tut/install.log --single-version-externally-managed
[0.855s] running egg_info
[0.857s] writing ../../build/sim_tut/sim_tut.egg-info/PKG-INFO
[0.859s] writing dependency_links to ../../build/sim_tut/sim_tut.egg-info/dependency_links.txt
[0.859s] writing entry points to ../../build/sim_tut/sim_tut.egg-info/entry_points.txt
[0.859s] writing requirements to ../../build/sim_tut/sim_tut.egg-info/requires.txt
[0.859s] writing top-level names to ../../build/sim_tut/sim_tut.egg-info/top_level.txt
[0.861s] reading manifest file '../../build/sim_tut/sim_tut.egg-info/SOURCES.txt'
[0.862s] writing manifest file '../../build/sim_tut/sim_tut.egg-info/SOURCES.txt'
[0.863s] running build
[0.863s] running build_py
[0.864s] copying sim_tut/sensor.py -> /home/will/tutorial_ws/build/sim_tut/build/lib/sim_tut
[0.864s] running install
[0.865s] /usr/lib/python3/dist-packages/setuptools/command/install.py:34: SetuptoolsDeprecationWarning: setup.py install is deprecated. Use build and pip and other standards-based tools.
[0.865s]   warnings.warn(
[0.865s] running install_lib
[0.866s] copying /home/will/tutorial_ws/build/sim_tut/build/lib/sim_tut/sensor.py -> /home/will/tutorial_ws/install/sim_tut/lib/python3.10/site-packages/sim_tut
[0.870s] byte-compiling /home/will/tutorial_ws/install/sim_tut/lib/python3.10/site-packages/sim_tut/sensor.py to sensor.cpython-310.pyc
[0.871s] running install_data
[0.872s] running install_egg_info
[0.873s] removing '/home/will/tutorial_ws/install/sim_tut/lib/python3.10/site-packages/sim_tut-0.0.0-py3.10.egg-info' (and everything under it)
[0.874s] Copying ../../build/sim_tut/sim_tut.egg-info to /home/will/tutorial_ws/install/sim_tut/lib/python3.10/site-packages/sim_tut-0.0.0-py3.10.egg-info
[0.874s] running install_scripts
[0.897s] Installing control script to /home/will/tutorial_ws/install/sim_tut/lib/sim_tut
[0.897s] Installing sense script to /home/will/tutorial_ws/install/sim_tut/lib/sim_tut
[0.898s] writing list of installed files to '/home/will/tutorial_ws/build/sim_tut/install.log'
[0.948s] Invoked command in '/home/will/tutorial_ws/src/sim_tut' returned '0': PYTHONPATH=/home/will/tutorial_ws/build/sim_tut/prefix_override:/home/will/tutorial_ws/install/sim_tut/lib/python3.10/site-packages:${PYTHONPATH} /usr/bin/python3 setup.py egg_info --egg-base ../../build/sim_tut build --build-base /home/will/tutorial_ws/build/sim_tut/build install --record /home/will/tutorial_ws/build/sim_tut/install.log --single-version-externally-managed
