[0.761s] Invoking command in '/home/will/tutorial_ws/src/ros2-ebrake-tutorial/simulation_launch': PYTHONPATH=/home/will/tutorial_ws/build/simulation_launch/prefix_override:/home/will/tutorial_ws/install/simulation_launch/lib/python3.10/site-packages:${PYTHONPATH} /usr/bin/python3 setup.py egg_info --egg-base ../../../build/simulation_launch build --build-base /home/will/tutorial_ws/build/simulation_launch/build install --record /home/will/tutorial_ws/build/simulation_launch/install.log --single-version-externally-managed
[0.987s] running egg_info
[0.988s] writing ../../../build/simulation_launch/simulation_launch.egg-info/PKG-INFO
[0.988s] writing dependency_links to ../../../build/simulation_launch/simulation_launch.egg-info/dependency_links.txt
[0.993s] writing entry points to ../../../build/simulation_launch/simulation_launch.egg-info/entry_points.txt
[0.993s] writing requirements to ../../../build/simulation_launch/simulation_launch.egg-info/requires.txt
[0.993s] writing top-level names to ../../../build/simulation_launch/simulation_launch.egg-info/top_level.txt
[0.995s] reading manifest file '../../../build/simulation_launch/simulation_launch.egg-info/SOURCES.txt'
[0.999s] writing manifest file '../../../build/simulation_launch/simulation_launch.egg-info/SOURCES.txt'
[1.000s] running build
[1.000s] running build_py
[1.001s] running install
[1.001s] /usr/lib/python3/dist-packages/setuptools/command/install.py:34: SetuptoolsDeprecationWarning: setup.py install is deprecated. Use build and pip and other standards-based tools.
[1.001s]   warnings.warn(
[1.002s] running install_lib
[1.003s] running install_data
[1.004s] running install_egg_info
[1.007s] removing '/home/will/tutorial_ws/install/simulation_launch/lib/python3.10/site-packages/simulation_launch-0.0.0-py3.10.egg-info' (and everything under it)
[1.007s] Copying ../../../build/simulation_launch/simulation_launch.egg-info to /home/will/tutorial_ws/install/simulation_launch/lib/python3.10/site-packages/simulation_launch-0.0.0-py3.10.egg-info
[1.008s] running install_scripts
[1.028s] writing list of installed files to '/home/will/tutorial_ws/build/simulation_launch/install.log'
[1.058s] Invoked command in '/home/will/tutorial_ws/src/ros2-ebrake-tutorial/simulation_launch' returned '0': PYTHONPATH=/home/will/tutorial_ws/build/simulation_launch/prefix_override:/home/will/tutorial_ws/install/simulation_launch/lib/python3.10/site-packages:${PYTHONPATH} /usr/bin/python3 setup.py egg_info --egg-base ../../../build/simulation_launch build --build-base /home/will/tutorial_ws/build/simulation_launch/build install --record /home/will/tutorial_ws/build/simulation_launch/install.log --single-version-externally-managed
