[0.593s] Invoking command in '/home/will/tutorial_ws/src/sim_tut': PYTHONPATH=/home/will/tutorial_ws/build/sim_tut/prefix_override:/home/will/tutorial_ws/install/sim_tut/lib/python3.10/site-packages:${PYTHONPATH} /usr/bin/python3 setup.py egg_info --egg-base ../../build/sim_tut build --build-base /home/will/tutorial_ws/build/sim_tut/build install --record /home/will/tutorial_ws/build/sim_tut/install.log --single-version-externally-managed
[0.820s] running egg_info
[0.821s] writing ../../build/sim_tut/sim_tut.egg-info/PKG-INFO
[0.823s] writing dependency_links to ../../build/sim_tut/sim_tut.egg-info/dependency_links.txt
[0.823s] writing entry points to ../../build/sim_tut/sim_tut.egg-info/entry_points.txt
[0.823s] writing requirements to ../../build/sim_tut/sim_tut.egg-info/requires.txt
[0.823s] writing top-level names to ../../build/sim_tut/sim_tut.egg-info/top_level.txt
[0.824s] reading manifest file '../../build/sim_tut/sim_tut.egg-info/SOURCES.txt'
[0.825s] writing manifest file '../../build/sim_tut/sim_tut.egg-info/SOURCES.txt'
[0.825s] running build
[0.825s] running build_py
[0.825s] copying sim_tut/control.py -> /home/will/tutorial_ws/build/sim_tut/build/lib/sim_tut
[0.825s] running install
[0.826s] /usr/lib/python3/dist-packages/setuptools/command/install.py:34: SetuptoolsDeprecationWarning: setup.py install is deprecated. Use build and pip and other standards-based tools.
[0.826s]   warnings.warn(
[0.826s] running install_lib
[0.826s] copying /home/will/tutorial_ws/build/sim_tut/build/lib/sim_tut/control.py -> /home/will/tutorial_ws/install/sim_tut/lib/python3.10/site-packages/sim_tut
[0.827s] byte-compiling /home/will/tutorial_ws/install/sim_tut/lib/python3.10/site-packages/sim_tut/control.py to control.cpython-310.pyc
[0.828s] running install_data
[0.828s] running install_egg_info
[0.829s] removing '/home/will/tutorial_ws/install/sim_tut/lib/python3.10/site-packages/sim_tut-0.0.0-py3.10.egg-info' (and everything under it)
[0.830s] Copying ../../build/sim_tut/sim_tut.egg-info to /home/will/tutorial_ws/install/sim_tut/lib/python3.10/site-packages/sim_tut-0.0.0-py3.10.egg-info
[0.831s] running install_scripts
[0.851s] Installing control script to /home/will/tutorial_ws/install/sim_tut/lib/sim_tut
[0.852s] writing list of installed files to '/home/will/tutorial_ws/build/sim_tut/install.log'
[0.880s] Invoked command in '/home/will/tutorial_ws/src/sim_tut' returned '0': PYTHONPATH=/home/will/tutorial_ws/build/sim_tut/prefix_override:/home/will/tutorial_ws/install/sim_tut/lib/python3.10/site-packages:${PYTHONPATH} /usr/bin/python3 setup.py egg_info --egg-base ../../build/sim_tut build --build-base /home/will/tutorial_ws/build/sim_tut/build install --record /home/will/tutorial_ws/build/sim_tut/install.log --single-version-externally-managed
