[0.968s] Invoking command in '/home/will/tutorial_ws/src/ros2-ebrake-tutorial/simulation_launch': PYTHONPATH=/home/will/tutorial_ws/build/simulation_launch/prefix_override:/home/will/tutorial_ws/install/simulation_launch/lib/python3.10/site-packages:${PYTHONPATH} /usr/bin/python3 setup.py egg_info --egg-base ../../../build/simulation_launch build --build-base /home/will/tutorial_ws/build/simulation_launch/build install --record /home/will/tutorial_ws/build/simulation_launch/install.log --single-version-externally-managed
[1.254s] running egg_info
[1.255s] writing ../../../build/simulation_launch/simulation_launch.egg-info/PKG-INFO
[1.257s] writing dependency_links to ../../../build/simulation_launch/simulation_launch.egg-info/dependency_links.txt
[1.257s] writing entry points to ../../../build/simulation_launch/simulation_launch.egg-info/entry_points.txt
[1.257s] writing requirements to ../../../build/simulation_launch/simulation_launch.egg-info/requires.txt
[1.257s] writing top-level names to ../../../build/simulation_launch/simulation_launch.egg-info/top_level.txt
[1.261s] reading manifest file '../../../build/simulation_launch/simulation_launch.egg-info/SOURCES.txt'
[1.263s] writing manifest file '../../../build/simulation_launch/simulation_launch.egg-info/SOURCES.txt'
[1.263s] running build
[1.263s] running build_py
[1.264s] running install
[1.265s] /usr/lib/python3/dist-packages/setuptools/command/install.py:34: SetuptoolsDeprecationWarning: setup.py install is deprecated. Use build and pip and other standards-based tools.
[1.265s]   warnings.warn(
[1.265s] running install_lib
[1.266s] running install_data
[1.266s] running install_egg_info
[1.268s] removing '/home/will/tutorial_ws/install/simulation_launch/lib/python3.10/site-packages/simulation_launch-0.0.0-py3.10.egg-info' (and everything under it)
[1.268s] Copying ../../../build/simulation_launch/simulation_launch.egg-info to /home/will/tutorial_ws/install/simulation_launch/lib/python3.10/site-packages/simulation_launch-0.0.0-py3.10.egg-info
[1.269s] running install_scripts
[1.290s] writing list of installed files to '/home/will/tutorial_ws/build/simulation_launch/install.log'
[1.322s] Invoked command in '/home/will/tutorial_ws/src/ros2-ebrake-tutorial/simulation_launch' returned '0': PYTHONPATH=/home/will/tutorial_ws/build/simulation_launch/prefix_override:/home/will/tutorial_ws/install/simulation_launch/lib/python3.10/site-packages:${PYTHONPATH} /usr/bin/python3 setup.py egg_info --egg-base ../../../build/simulation_launch build --build-base /home/will/tutorial_ws/build/simulation_launch/build install --record /home/will/tutorial_ws/build/simulation_launch/install.log --single-version-externally-managed
