[0.312s] DEBUG:colcon:Command line arguments: ['/usr/bin/colcon', 'build']
[0.312s] DEBUG:colcon:Parsed command line arguments: Namespace(log_base=None, log_level=None, verb_name='build', build_base='build', install_base='install', merge_install=False, symlink_install=False, test_result_base=None, continue_on_error=False, executor='parallel', parallel_workers=2, event_handlers=None, ignore_user_meta=False, metas=['./colcon.meta'], base_paths=['.'], packages_ignore=None, packages_ignore_regex=None, paths=None, packages_up_to=None, packages_up_to_regex=None, packages_above=None, packages_above_and_dependencies=None, packages_above_depth=None, packages_select_by_dep=None, packages_skip_by_dep=None, packages_skip_up_to=None, packages_select_build_failed=False, packages_skip_build_finished=False, packages_select_test_failures=False, packages_skip_test_passed=False, packages_select=None, packages_skip=None, packages_select_regex=None, packages_skip_regex=None, packages_start=None, packages_end=None, allow_overriding=[], cmake_args=None, cmake_target=None, cmake_target_skip_unavailable=False, cmake_clean_cache=False, cmake_clean_first=False, cmake_force_configure=False, ament_cmake_args=None, catkin_cmake_args=None, catkin_skip_building_tests=False, verb_parser=<colcon_defaults.argument_parser.defaults.DefaultArgumentsDecorator object at 0x7fe01c0dcc70>, verb_extension=<colcon_core.verb.build.BuildVerb object at 0x7fe01c7d3940>, main=<bound method BuildVerb.main of <colcon_core.verb.build.BuildVerb object at 0x7fe01c7d3940>>)
[0.348s] Level 1:colcon.colcon_core.package_discovery:discover_packages(colcon_meta) check parameters
[0.348s] Level 1:colcon.colcon_core.package_discovery:discover_packages(recursive) check parameters
[0.348s] Level 1:colcon.colcon_core.package_discovery:discover_packages(ignore) check parameters
[0.348s] Level 1:colcon.colcon_core.package_discovery:discover_packages(path) check parameters
[0.348s] Level 1:colcon.colcon_core.package_discovery:discover_packages(colcon_meta) discover
[0.348s] Level 1:colcon.colcon_core.package_discovery:discover_packages(recursive) discover
[0.348s] INFO:colcon.colcon_core.package_discovery:Crawling recursively for packages in '/home/will/tutorial_ws'
[0.348s] Level 1:colcon.colcon_core.package_identification:_identify(.) by extensions ['ignore', 'ignore_ament_install']
[0.348s] Level 1:colcon.colcon_core.package_identification:_identify(.) by extension 'ignore'
[0.348s] Level 1:colcon.colcon_core.package_identification:_identify(.) by extension 'ignore_ament_install'
[0.348s] Level 1:colcon.colcon_core.package_identification:_identify(.) by extensions ['colcon_pkg']
[0.348s] Level 1:colcon.colcon_core.package_identification:_identify(.) by extension 'colcon_pkg'
[0.348s] Level 1:colcon.colcon_core.package_identification:_identify(.) by extensions ['colcon_meta']
[0.348s] Level 1:colcon.colcon_core.package_identification:_identify(.) by extension 'colcon_meta'
[0.348s] Level 1:colcon.colcon_core.package_identification:_identify(.) by extensions ['ros']
[0.348s] Level 1:colcon.colcon_core.package_identification:_identify(.) by extension 'ros'
[0.366s] Level 1:colcon.colcon_core.package_identification:_identify(.) by extensions ['cmake', 'python']
[0.367s] Level 1:colcon.colcon_core.package_identification:_identify(.) by extension 'cmake'
[0.367s] Level 1:colcon.colcon_core.package_identification:_identify(.) by extension 'python'
[0.367s] Level 1:colcon.colcon_core.package_identification:_identify(.) by extensions ['python_setup_py']
[0.367s] Level 1:colcon.colcon_core.package_identification:_identify(.) by extension 'python_setup_py'
[0.367s] Level 1:colcon.colcon_core.package_identification:_identify(build) by extensions ['ignore', 'ignore_ament_install']
[0.367s] Level 1:colcon.colcon_core.package_identification:_identify(build) by extension 'ignore'
[0.367s] Level 1:colcon.colcon_core.package_identification:_identify(build) ignored
[0.367s] Level 1:colcon.colcon_core.package_identification:_identify(install) by extensions ['ignore', 'ignore_ament_install']
[0.367s] Level 1:colcon.colcon_core.package_identification:_identify(install) by extension 'ignore'
[0.367s] Level 1:colcon.colcon_core.package_identification:_identify(install) ignored
[0.367s] Level 1:colcon.colcon_core.package_identification:_identify(log) by extensions ['ignore', 'ignore_ament_install']
[0.367s] Level 1:colcon.colcon_core.package_identification:_identify(log) by extension 'ignore'
[0.367s] Level 1:colcon.colcon_core.package_identification:_identify(log) ignored
[0.367s] Level 1:colcon.colcon_core.package_identification:_identify(src) by extensions ['ignore', 'ignore_ament_install']
[0.367s] Level 1:colcon.colcon_core.package_identification:_identify(src) by extension 'ignore'
[0.367s] Level 1:colcon.colcon_core.package_identification:_identify(src) by extension 'ignore_ament_install'
[0.367s] Level 1:colcon.colcon_core.package_identification:_identify(src) by extensions ['colcon_pkg']
[0.367s] Level 1:colcon.colcon_core.package_identification:_identify(src) by extension 'colcon_pkg'
[0.367s] Level 1:colcon.colcon_core.package_identification:_identify(src) by extensions ['colcon_meta']
[0.367s] Level 1:colcon.colcon_core.package_identification:_identify(src) by extension 'colcon_meta'
[0.368s] Level 1:colcon.colcon_core.package_identification:_identify(src) by extensions ['ros']
[0.368s] Level 1:colcon.colcon_core.package_identification:_identify(src) by extension 'ros'
[0.368s] Level 1:colcon.colcon_core.package_identification:_identify(src) by extensions ['cmake', 'python']
[0.368s] Level 1:colcon.colcon_core.package_identification:_identify(src) by extension 'cmake'
[0.368s] Level 1:colcon.colcon_core.package_identification:_identify(src) by extension 'python'
[0.368s] Level 1:colcon.colcon_core.package_identification:_identify(src) by extensions ['python_setup_py']
[0.368s] Level 1:colcon.colcon_core.package_identification:_identify(src) by extension 'python_setup_py'
[0.368s] Level 1:colcon.colcon_core.package_identification:_identify(src/ros2-ebrake-tutorial) by extensions ['ignore', 'ignore_ament_install']
[0.368s] Level 1:colcon.colcon_core.package_identification:_identify(src/ros2-ebrake-tutorial) by extension 'ignore'
[0.368s] Level 1:colcon.colcon_core.package_identification:_identify(src/ros2-ebrake-tutorial) by extension 'ignore_ament_install'
[0.368s] Level 1:colcon.colcon_core.package_identification:_identify(src/ros2-ebrake-tutorial) by extensions ['colcon_pkg']
[0.368s] Level 1:colcon.colcon_core.package_identification:_identify(src/ros2-ebrake-tutorial) by extension 'colcon_pkg'
[0.368s] Level 1:colcon.colcon_core.package_identification:_identify(src/ros2-ebrake-tutorial) by extensions ['colcon_meta']
[0.368s] Level 1:colcon.colcon_core.package_identification:_identify(src/ros2-ebrake-tutorial) by extension 'colcon_meta'
[0.368s] Level 1:colcon.colcon_core.package_identification:_identify(src/ros2-ebrake-tutorial) by extensions ['ros']
[0.368s] Level 1:colcon.colcon_core.package_identification:_identify(src/ros2-ebrake-tutorial) by extension 'ros'
[0.368s] Level 1:colcon.colcon_core.package_identification:_identify(src/ros2-ebrake-tutorial) by extensions ['cmake', 'python']
[0.368s] Level 1:colcon.colcon_core.package_identification:_identify(src/ros2-ebrake-tutorial) by extension 'cmake'
[0.368s] Level 1:colcon.colcon_core.package_identification:_identify(src/ros2-ebrake-tutorial) by extension 'python'
[0.368s] Level 1:colcon.colcon_core.package_identification:_identify(src/ros2-ebrake-tutorial) by extensions ['python_setup_py']
[0.368s] Level 1:colcon.colcon_core.package_identification:_identify(src/ros2-ebrake-tutorial) by extension 'python_setup_py'
[0.368s] Level 1:colcon.colcon_core.package_identification:_identify(src/ros2-ebrake-tutorial/docker) by extensions ['ignore', 'ignore_ament_install']
[0.368s] Level 1:colcon.colcon_core.package_identification:_identify(src/ros2-ebrake-tutorial/docker) by extension 'ignore'
[0.369s] Level 1:colcon.colcon_core.package_identification:_identify(src/ros2-ebrake-tutorial/docker) by extension 'ignore_ament_install'
[0.369s] Level 1:colcon.colcon_core.package_identification:_identify(src/ros2-ebrake-tutorial/docker) by extensions ['colcon_pkg']
[0.369s] Level 1:colcon.colcon_core.package_identification:_identify(src/ros2-ebrake-tutorial/docker) by extension 'colcon_pkg'
[0.369s] Level 1:colcon.colcon_core.package_identification:_identify(src/ros2-ebrake-tutorial/docker) by extensions ['colcon_meta']
[0.369s] Level 1:colcon.colcon_core.package_identification:_identify(src/ros2-ebrake-tutorial/docker) by extension 'colcon_meta'
[0.369s] Level 1:colcon.colcon_core.package_identification:_identify(src/ros2-ebrake-tutorial/docker) by extensions ['ros']
[0.369s] Level 1:colcon.colcon_core.package_identification:_identify(src/ros2-ebrake-tutorial/docker) by extension 'ros'
[0.369s] Level 1:colcon.colcon_core.package_identification:_identify(src/ros2-ebrake-tutorial/docker) by extensions ['cmake', 'python']
[0.369s] Level 1:colcon.colcon_core.package_identification:_identify(src/ros2-ebrake-tutorial/docker) by extension 'cmake'
[0.369s] Level 1:colcon.colcon_core.package_identification:_identify(src/ros2-ebrake-tutorial/docker) by extension 'python'
[0.369s] Level 1:colcon.colcon_core.package_identification:_identify(src/ros2-ebrake-tutorial/docker) by extensions ['python_setup_py']
[0.369s] Level 1:colcon.colcon_core.package_identification:_identify(src/ros2-ebrake-tutorial/docker) by extension 'python_setup_py'
[0.369s] Level 1:colcon.colcon_core.package_identification:_identify(src/ros2-ebrake-tutorial/simulation_launch) by extensions ['ignore', 'ignore_ament_install']
[0.369s] Level 1:colcon.colcon_core.package_identification:_identify(src/ros2-ebrake-tutorial/simulation_launch) by extension 'ignore'
[0.369s] Level 1:colcon.colcon_core.package_identification:_identify(src/ros2-ebrake-tutorial/simulation_launch) by extension 'ignore_ament_install'
[0.369s] Level 1:colcon.colcon_core.package_identification:_identify(src/ros2-ebrake-tutorial/simulation_launch) by extensions ['colcon_pkg']
[0.369s] Level 1:colcon.colcon_core.package_identification:_identify(src/ros2-ebrake-tutorial/simulation_launch) by extension 'colcon_pkg'
[0.369s] Level 1:colcon.colcon_core.package_identification:_identify(src/ros2-ebrake-tutorial/simulation_launch) by extensions ['colcon_meta']
[0.369s] Level 1:colcon.colcon_core.package_identification:_identify(src/ros2-ebrake-tutorial/simulation_launch) by extension 'colcon_meta'
[0.369s] Level 1:colcon.colcon_core.package_identification:_identify(src/ros2-ebrake-tutorial/simulation_launch) by extensions ['ros']
[0.369s] Level 1:colcon.colcon_core.package_identification:_identify(src/ros2-ebrake-tutorial/simulation_launch) by extension 'ros'
[0.372s] DEBUG:colcon.colcon_core.package_identification:Package 'src/ros2-ebrake-tutorial/simulation_launch' with type 'ros.ament_python' and name 'simulation_launch'
[0.372s] Level 1:colcon.colcon_core.package_identification:_identify(src/sim_tut) by extensions ['ignore', 'ignore_ament_install']
[0.372s] Level 1:colcon.colcon_core.package_identification:_identify(src/sim_tut) by extension 'ignore'
[0.372s] Level 1:colcon.colcon_core.package_identification:_identify(src/sim_tut) by extension 'ignore_ament_install'
[0.372s] Level 1:colcon.colcon_core.package_identification:_identify(src/sim_tut) by extensions ['colcon_pkg']
[0.372s] Level 1:colcon.colcon_core.package_identification:_identify(src/sim_tut) by extension 'colcon_pkg'
[0.372s] Level 1:colcon.colcon_core.package_identification:_identify(src/sim_tut) by extensions ['colcon_meta']
[0.372s] Level 1:colcon.colcon_core.package_identification:_identify(src/sim_tut) by extension 'colcon_meta'
[0.372s] Level 1:colcon.colcon_core.package_identification:_identify(src/sim_tut) by extensions ['ros']
[0.372s] Level 1:colcon.colcon_core.package_identification:_identify(src/sim_tut) by extension 'ros'
[0.373s] DEBUG:colcon.colcon_core.package_identification:Package 'src/sim_tut' with type 'ros.ament_python' and name 'sim_tut'
[0.373s] Level 1:colcon.colcon_core.package_discovery:discover_packages(recursive) using defaults
[0.373s] Level 1:colcon.colcon_core.package_discovery:discover_packages(ignore) discover
[0.373s] Level 1:colcon.colcon_core.package_discovery:discover_packages(ignore) using defaults
[0.373s] Level 1:colcon.colcon_core.package_discovery:discover_packages(path) discover
[0.373s] Level 1:colcon.colcon_core.package_discovery:discover_packages(path) using defaults
[0.401s] Level 1:colcon.colcon_core.package_discovery:discover_packages(prefix_path) check parameters
[0.401s] Level 1:colcon.colcon_core.package_discovery:discover_packages(prefix_path) discover
[0.404s] DEBUG:colcon.colcon_installed_package_information.package_discovery:Found 2 installed packages in /home/will/tutorial_ws/install
[0.405s] DEBUG:colcon.colcon_installed_package_information.package_discovery:Found 282 installed packages in /opt/ros/humble
[0.407s] Level 1:colcon.colcon_core.package_discovery:discover_packages(prefix_path) using defaults
[0.462s] Level 5:colcon.colcon_core.verb:set package 'sim_tut' build argument 'cmake_args' from command line to 'None'
[0.462s] Level 5:colcon.colcon_core.verb:set package 'sim_tut' build argument 'cmake_target' from command line to 'None'
[0.462s] Level 5:colcon.colcon_core.verb:set package 'sim_tut' build argument 'cmake_target_skip_unavailable' from command line to 'False'
[0.462s] Level 5:colcon.colcon_core.verb:set package 'sim_tut' build argument 'cmake_clean_cache' from command line to 'False'
[0.462s] Level 5:colcon.colcon_core.verb:set package 'sim_tut' build argument 'cmake_clean_first' from command line to 'False'
[0.462s] Level 5:colcon.colcon_core.verb:set package 'sim_tut' build argument 'cmake_force_configure' from command line to 'False'
[0.462s] Level 5:colcon.colcon_core.verb:set package 'sim_tut' build argument 'ament_cmake_args' from command line to 'None'
[0.463s] Level 5:colcon.colcon_core.verb:set package 'sim_tut' build argument 'catkin_cmake_args' from command line to 'None'
[0.463s] Level 5:colcon.colcon_core.verb:set package 'sim_tut' build argument 'catkin_skip_building_tests' from command line to 'False'
[0.463s] DEBUG:colcon.colcon_core.verb:Building package 'sim_tut' with the following arguments: {'ament_cmake_args': None, 'build_base': '/home/will/tutorial_ws/build/sim_tut', 'catkin_cmake_args': None, 'catkin_skip_building_tests': False, 'cmake_args': None, 'cmake_clean_cache': False, 'cmake_clean_first': False, 'cmake_force_configure': False, 'cmake_target': None, 'cmake_target_skip_unavailable': False, 'install_base': '/home/will/tutorial_ws/install/sim_tut', 'merge_install': False, 'path': '/home/will/tutorial_ws/src/sim_tut', 'symlink_install': False, 'test_result_base': None}
[0.463s] Level 5:colcon.colcon_core.verb:set package 'simulation_launch' build argument 'cmake_args' from command line to 'None'
[0.463s] Level 5:colcon.colcon_core.verb:set package 'simulation_launch' build argument 'cmake_target' from command line to 'None'
[0.463s] Level 5:colcon.colcon_core.verb:set package 'simulation_launch' build argument 'cmake_target_skip_unavailable' from command line to 'False'
[0.463s] Level 5:colcon.colcon_core.verb:set package 'simulation_launch' build argument 'cmake_clean_cache' from command line to 'False'
[0.463s] Level 5:colcon.colcon_core.verb:set package 'simulation_launch' build argument 'cmake_clean_first' from command line to 'False'
[0.463s] Level 5:colcon.colcon_core.verb:set package 'simulation_launch' build argument 'cmake_force_configure' from command line to 'False'
[0.463s] Level 5:colcon.colcon_core.verb:set package 'simulation_launch' build argument 'ament_cmake_args' from command line to 'None'
[0.463s] Level 5:colcon.colcon_core.verb:set package 'simulation_launch' build argument 'catkin_cmake_args' from command line to 'None'
[0.463s] Level 5:colcon.colcon_core.verb:set package 'simulation_launch' build argument 'catkin_skip_building_tests' from command line to 'False'
[0.463s] DEBUG:colcon.colcon_core.verb:Building package 'simulation_launch' with the following arguments: {'ament_cmake_args': None, 'build_base': '/home/will/tutorial_ws/build/simulation_launch', 'catkin_cmake_args': None, 'catkin_skip_building_tests': False, 'cmake_args': None, 'cmake_clean_cache': False, 'cmake_clean_first': False, 'cmake_force_configure': False, 'cmake_target': None, 'cmake_target_skip_unavailable': False, 'install_base': '/home/will/tutorial_ws/install/simulation_launch', 'merge_install': False, 'path': '/home/will/tutorial_ws/src/ros2-ebrake-tutorial/simulation_launch', 'symlink_install': False, 'test_result_base': None}
[0.464s] INFO:colcon.colcon_core.executor:Executing jobs using 'parallel' executor
[0.467s] DEBUG:colcon.colcon_parallel_executor.executor.parallel:run_until_complete
[0.467s] INFO:colcon.colcon_ros.task.ament_python.build:Building ROS package in '/home/will/tutorial_ws/src/sim_tut' with build type 'ament_python'
[0.468s] Level 1:colcon.colcon_core.shell:create_environment_hook('sim_tut', 'ament_prefix_path')
[0.471s] INFO:colcon.colcon_core.plugin_system:Skipping extension 'colcon_core.shell.bat': Not used on non-Windows systems
[0.471s] INFO:colcon.colcon_core.shell:Creating environment hook '/home/will/tutorial_ws/install/sim_tut/share/sim_tut/hook/ament_prefix_path.ps1'
[0.472s] INFO:colcon.colcon_core.shell:Creating environment descriptor '/home/will/tutorial_ws/install/sim_tut/share/sim_tut/hook/ament_prefix_path.dsv'
[0.472s] INFO:colcon.colcon_core.shell:Creating environment hook '/home/will/tutorial_ws/install/sim_tut/share/sim_tut/hook/ament_prefix_path.sh'
[0.475s] INFO:colcon.colcon_core.shell:Skip shell extension 'powershell' for command environment: Not usable outside of PowerShell
[0.475s] DEBUG:colcon.colcon_core.shell:Skip shell extension 'dsv' for command environment
[0.482s] INFO:colcon.colcon_ros.task.ament_python.build:Building ROS package in '/home/will/tutorial_ws/src/ros2-ebrake-tutorial/simulation_launch' with build type 'ament_python'
[0.482s] Level 1:colcon.colcon_core.shell:create_environment_hook('simulation_launch', 'ament_prefix_path')
[0.484s] INFO:colcon.colcon_core.shell:Creating environment hook '/home/will/tutorial_ws/install/simulation_launch/share/simulation_launch/hook/ament_prefix_path.ps1'
[0.486s] INFO:colcon.colcon_core.shell:Creating environment descriptor '/home/will/tutorial_ws/install/simulation_launch/share/simulation_launch/hook/ament_prefix_path.dsv'
[0.486s] INFO:colcon.colcon_core.shell:Creating environment hook '/home/will/tutorial_ws/install/simulation_launch/share/simulation_launch/hook/ament_prefix_path.sh'
[0.488s] INFO:colcon.colcon_core.shell:Skip shell extension 'powershell' for command environment: Not usable outside of PowerShell
[0.488s] DEBUG:colcon.colcon_core.shell:Skip shell extension 'dsv' for command environment
[0.782s] INFO:colcon.colcon_core.task.python.build:Building Python package in '/home/will/tutorial_ws/src/sim_tut'
[0.784s] INFO:colcon.colcon_core.shell:Skip shell extension 'powershell' for command environment: Not usable outside of PowerShell
[0.784s] DEBUG:colcon.colcon_core.shell:Skip shell extension 'dsv' for command environment
[1.016s] INFO:colcon.colcon_core.task.python.build:Building Python package in '/home/will/tutorial_ws/src/ros2-ebrake-tutorial/simulation_launch'
[1.017s] INFO:colcon.colcon_core.shell:Skip shell extension 'powershell' for command environment: Not usable outside of PowerShell
[1.017s] DEBUG:colcon.colcon_core.shell:Skip shell extension 'dsv' for command environment
[1.345s] DEBUG:colcon.colcon_core.event_handler.log_command:Invoking command in '/home/will/tutorial_ws/src/sim_tut': PYTHONPATH=/home/will/tutorial_ws/build/sim_tut/prefix_override:/home/will/tutorial_ws/install/sim_tut/lib/python3.10/site-packages:${PYTHONPATH} /usr/bin/python3 setup.py egg_info --egg-base ../../build/sim_tut build --build-base /home/will/tutorial_ws/build/sim_tut/build install --record /home/will/tutorial_ws/build/sim_tut/install.log --single-version-externally-managed
[1.365s] DEBUG:colcon.colcon_core.event_handler.log_command:Invoking command in '/home/will/tutorial_ws/src/ros2-ebrake-tutorial/simulation_launch': PYTHONPATH=/home/will/tutorial_ws/build/simulation_launch/prefix_override:/home/will/tutorial_ws/install/simulation_launch/lib/python3.10/site-packages:${PYTHONPATH} /usr/bin/python3 setup.py egg_info --egg-base ../../../build/simulation_launch build --build-base /home/will/tutorial_ws/build/simulation_launch/build install --record /home/will/tutorial_ws/build/simulation_launch/install.log --single-version-externally-managed
[1.631s] DEBUG:colcon.colcon_core.event_handler.log_command:Invoked command in '/home/will/tutorial_ws/src/ros2-ebrake-tutorial/simulation_launch' returned '0': PYTHONPATH=/home/will/tutorial_ws/build/simulation_launch/prefix_override:/home/will/tutorial_ws/install/simulation_launch/lib/python3.10/site-packages:${PYTHONPATH} /usr/bin/python3 setup.py egg_info --egg-base ../../../build/simulation_launch build --build-base /home/will/tutorial_ws/build/simulation_launch/build install --record /home/will/tutorial_ws/build/simulation_launch/install.log --single-version-externally-managed
[1.634s] Level 1:colcon.colcon_core.environment:checking '/home/will/tutorial_ws/install/simulation_launch' for CMake module files
[1.634s] Level 1:colcon.colcon_core.environment:checking '/home/will/tutorial_ws/install/simulation_launch' for CMake config files
[1.635s] Level 1:colcon.colcon_core.environment:checking '/home/will/tutorial_ws/install/simulation_launch/lib'
[1.635s] Level 1:colcon.colcon_core.environment:checking '/home/will/tutorial_ws/install/simulation_launch/bin'
[1.635s] Level 1:colcon.colcon_core.environment:checking '/home/will/tutorial_ws/install/simulation_launch/lib/pkgconfig/simulation_launch.pc'
[1.635s] Level 1:colcon.colcon_core.environment:checking '/home/will/tutorial_ws/install/simulation_launch/lib/python3.10/site-packages'
[1.635s] Level 1:colcon.colcon_core.shell:create_environment_hook('simulation_launch', 'pythonpath')
[1.637s] INFO:colcon.colcon_core.shell:Creating environment hook '/home/will/tutorial_ws/install/simulation_launch/share/simulation_launch/hook/pythonpath.ps1'
[1.637s] INFO:colcon.colcon_core.shell:Creating environment descriptor '/home/will/tutorial_ws/install/simulation_launch/share/simulation_launch/hook/pythonpath.dsv'
[1.638s] INFO:colcon.colcon_core.shell:Creating environment hook '/home/will/tutorial_ws/install/simulation_launch/share/simulation_launch/hook/pythonpath.sh'
[1.638s] Level 1:colcon.colcon_core.environment:checking '/home/will/tutorial_ws/install/simulation_launch/bin'
[1.639s] Level 1:colcon.colcon_core.environment:create_environment_scripts_only(simulation_launch)
[1.640s] INFO:colcon.colcon_core.shell:Creating package script '/home/will/tutorial_ws/install/simulation_launch/share/simulation_launch/package.ps1'
[1.641s] INFO:colcon.colcon_core.shell:Creating package descriptor '/home/will/tutorial_ws/install/simulation_launch/share/simulation_launch/package.dsv'
[1.642s] INFO:colcon.colcon_core.shell:Creating package script '/home/will/tutorial_ws/install/simulation_launch/share/simulation_launch/package.sh'
[1.642s] INFO:colcon.colcon_core.shell:Creating package script '/home/will/tutorial_ws/install/simulation_launch/share/simulation_launch/package.bash'
[1.643s] INFO:colcon.colcon_core.shell:Creating package script '/home/will/tutorial_ws/install/simulation_launch/share/simulation_launch/package.zsh'
[1.644s] Level 1:colcon.colcon_core.environment:create_file_with_runtime_dependencies(/home/will/tutorial_ws/install/simulation_launch/share/colcon-core/packages/simulation_launch)
[1.646s] Level 1:colcon.colcon_core.environment:checking '/home/will/tutorial_ws/install/sim_tut' for CMake module files
[1.647s] Level 1:colcon.colcon_core.environment:checking '/home/will/tutorial_ws/install/sim_tut' for CMake config files
[1.648s] DEBUG:colcon.colcon_core.event_handler.log_command:Invoked command in '/home/will/tutorial_ws/src/sim_tut' returned '0': PYTHONPATH=/home/will/tutorial_ws/build/sim_tut/prefix_override:/home/will/tutorial_ws/install/sim_tut/lib/python3.10/site-packages:${PYTHONPATH} /usr/bin/python3 setup.py egg_info --egg-base ../../build/sim_tut build --build-base /home/will/tutorial_ws/build/sim_tut/build install --record /home/will/tutorial_ws/build/sim_tut/install.log --single-version-externally-managed
[1.649s] Level 1:colcon.colcon_core.environment:checking '/home/will/tutorial_ws/install/sim_tut/lib'
[1.649s] Level 1:colcon.colcon_core.environment:checking '/home/will/tutorial_ws/install/sim_tut/bin'
[1.649s] Level 1:colcon.colcon_core.environment:checking '/home/will/tutorial_ws/install/sim_tut/lib/pkgconfig/sim_tut.pc'
[1.649s] Level 1:colcon.colcon_core.environment:checking '/home/will/tutorial_ws/install/sim_tut/lib/python3.10/site-packages'
[1.649s] Level 1:colcon.colcon_core.shell:create_environment_hook('sim_tut', 'pythonpath')
[1.650s] INFO:colcon.colcon_core.shell:Creating environment hook '/home/will/tutorial_ws/install/sim_tut/share/sim_tut/hook/pythonpath.ps1'
[1.650s] INFO:colcon.colcon_core.shell:Creating environment descriptor '/home/will/tutorial_ws/install/sim_tut/share/sim_tut/hook/pythonpath.dsv'
[1.651s] INFO:colcon.colcon_core.shell:Creating environment hook '/home/will/tutorial_ws/install/sim_tut/share/sim_tut/hook/pythonpath.sh'
[1.651s] Level 1:colcon.colcon_core.environment:checking '/home/will/tutorial_ws/install/sim_tut/bin'
[1.651s] Level 1:colcon.colcon_core.environment:create_environment_scripts_only(sim_tut)
[1.653s] INFO:colcon.colcon_core.shell:Creating package script '/home/will/tutorial_ws/install/sim_tut/share/sim_tut/package.ps1'
[1.653s] INFO:colcon.colcon_core.shell:Creating package descriptor '/home/will/tutorial_ws/install/sim_tut/share/sim_tut/package.dsv'
[1.654s] INFO:colcon.colcon_core.shell:Creating package script '/home/will/tutorial_ws/install/sim_tut/share/sim_tut/package.sh'
[1.654s] INFO:colcon.colcon_core.shell:Creating package script '/home/will/tutorial_ws/install/sim_tut/share/sim_tut/package.bash'
[1.655s] INFO:colcon.colcon_core.shell:Creating package script '/home/will/tutorial_ws/install/sim_tut/share/sim_tut/package.zsh'
[1.655s] Level 1:colcon.colcon_core.environment:create_file_with_runtime_dependencies(/home/will/tutorial_ws/install/sim_tut/share/colcon-core/packages/sim_tut)
[1.655s] DEBUG:colcon.colcon_parallel_executor.executor.parallel:closing loop
[1.656s] DEBUG:colcon.colcon_parallel_executor.executor.parallel:loop closed
[1.656s] DEBUG:colcon.colcon_parallel_executor.executor.parallel:run_until_complete finished with '0'
[1.656s] DEBUG:colcon.colcon_core.event_reactor:joining thread
[1.668s] INFO:colcon.colcon_core.plugin_system:Skipping extension 'colcon_notification.desktop_notification.terminal_notifier': Not used on non-Darwin systems
[1.668s] INFO:colcon.colcon_core.plugin_system:Skipping extension 'colcon_notification.desktop_notification.win32': Not used on non-Windows systems
[1.668s] INFO:colcon.colcon_notification.desktop_notification:Sending desktop notification using 'notify2'
[1.682s] DEBUG:colcon.colcon_core.event_reactor:joined thread
[1.684s] INFO:colcon.colcon_core.shell:Creating prefix script '/home/will/tutorial_ws/install/local_setup.ps1'
[1.685s] INFO:colcon.colcon_core.shell:Creating prefix util module '/home/will/tutorial_ws/install/_local_setup_util_ps1.py'
[1.686s] INFO:colcon.colcon_core.shell:Creating prefix chain script '/home/will/tutorial_ws/install/setup.ps1'
[1.688s] INFO:colcon.colcon_core.shell:Creating prefix script '/home/will/tutorial_ws/install/local_setup.sh'
[1.688s] INFO:colcon.colcon_core.shell:Creating prefix util module '/home/will/tutorial_ws/install/_local_setup_util_sh.py'
[1.689s] INFO:colcon.colcon_core.shell:Creating prefix chain script '/home/will/tutorial_ws/install/setup.sh'
[1.692s] INFO:colcon.colcon_core.shell:Creating prefix script '/home/will/tutorial_ws/install/local_setup.bash'
[1.693s] INFO:colcon.colcon_core.shell:Creating prefix chain script '/home/will/tutorial_ws/install/setup.bash'
[1.696s] INFO:colcon.colcon_core.shell:Creating prefix script '/home/will/tutorial_ws/install/local_setup.zsh'
[1.697s] INFO:colcon.colcon_core.shell:Creating prefix chain script '/home/will/tutorial_ws/install/setup.zsh'
